Using pre-set license
Built from '2021.2/staging' branch; Version is '2021.2.14f1 (bcb93e5482d2) revision 12368190'; Using compiler version '192829333'; Build Type 'Release'
OS: 'Windows 10  (10.0.19044) 64bit Core' Language: 'ko' Physical Memory: 32694 MB
BatchMode: 1, IsHumanControllingUs: 0, StartBugReporterOnCrash: 0, Is64bit: 1, IsPro: 1

COMMAND LINE ARGUMENTS:
C:\Users\남정규\Desktop\2021.2.14f1\Editor\Unity.exe
-adb2
-batchMode
-noUpm
-name
AssetImportWorker1
-projectPath
D:/Game Interface/VR Game/VRG
-logFile
Logs/AssetImportWorker1.log
-srvPort
5502
Successfully changed project path to: D:/Game Interface/VR Game/VRG
D:/Game Interface/VR Game/VRG
[UnityMemory] Configuration Parameters - Can be set up in boot.config
    "memorysetup-bucket-allocator-granularity=16"
    "memorysetup-bucket-allocator-bucket-count=8"
    "memorysetup-bucket-allocator-block-size=33554432"
    "memorysetup-bucket-allocator-block-count=8"
    "memorysetup-main-allocator-block-size=16777216"
    "memorysetup-thread-allocator-block-size=16777216"
    "memorysetup-gfx-main-allocator-block-size=16777216"
    "memorysetup-gfx-thread-allocator-block-size=16777216"
    "memorysetup-cache-allocator-block-size=4194304"
    "memorysetup-typetree-allocator-block-size=2097152"
    "memorysetup-profiler-bucket-allocator-granularity=16"
    "memorysetup-profiler-bucket-allocator-bucket-count=8"
    "memorysetup-profiler-bucket-allocator-block-size=33554432"
    "memorysetup-profiler-bucket-allocator-block-count=8"
    "memorysetup-profiler-allocator-block-size=16777216"
    "memorysetup-profiler-editor-allocator-block-size=1048576"
    "memorysetup-temp-allocator-size-main=16777216"
    "memorysetup-job-temp-allocator-block-size=2097152"
    "memorysetup-job-temp-allocator-block-size-background=1048576"
    "memorysetup-job-temp-allocator-reduction-small-platforms=262144"
    "memorysetup-temp-allocator-size-background-worker=32768"
    "memorysetup-temp-allocator-size-job-worker=262144"
    "memorysetup-temp-allocator-size-preload-manager=33554432"
    "memorysetup-temp-allocator-size-nav-mesh-worker=65536"
    "memorysetup-temp-allocator-size-audio-worker=65536"
    "memorysetup-temp-allocator-size-cloud-worker=32768"
    "memorysetup-temp-allocator-size-gi-baking-worker=262144"
    "memorysetup-temp-allocator-size-gfx=262144"
Refreshing native plugins compatible for Editor in 92.24 ms, found 11 plugins.
Preloading 1 native plugins for Editor in 0.84 ms.
Initialize engine version: 2021.2.14f1 (bcb93e5482d2)
[Subsystems] Discovering subsystems at path C:/Users/남정규/Desktop/2021.2.14f1/Editor/Data/Resources/UnitySubsystems
[Subsystems] Discovering subsystems at path D:/Game Interface/VR Game/VRG/Assets
GfxDevice: creating device client; threaded=0; jobified=0
Direct3D:
    Version:  Direct3D 11.0 [level 11.1]
    Renderer: NVIDIA GeForce RTX 3070 (ID=0x2484)
    Vendor:   NVIDIA
    VRAM:     8043 MB
    Driver:   27.21.14.6089
Initialize mono
Mono path[0] = 'C:/Users/남정규/Desktop/2021.2.14f1/Editor/Data/Managed'
Mono path[1] = 'C:/Users/남정규/Desktop/2021.2.14f1/Editor/Data/MonoBleedingEdge/lib/mono/unityjit-win32'
Mono config path = 'C:/Users/남정규/Desktop/2021.2.14f1/Editor/Data/MonoBleedingEdge/etc'
Using monoOptions --debugger-agent=transport=dt_socket,embedding=1,server=y,suspend=n,address=127.0.0.1:56684
Begin MonoManager ReloadAssembly
Registering precompiled unity dll's ...
Register platform support module: C:/Users/남정규/Desktop/2021.2.14f1/Editor/Data/PlaybackEngines/WindowsStandaloneSupport/UnityEditor.WindowsStandalone.Extensions.dll
Registered in 0.005922 seconds.
Native extension for WindowsStandalone target not found
Refreshing native plugins compatible for Editor in 83.59 ms, found 11 plugins.
Preloading 1 native plugins for Editor in 0.04 ms.
Mono: successfully reloaded assembly
- Completed reload, in  0.523 seconds
Domain Reload Profiling:
	ReloadAssembly (523ms)
		BeginReloadAssembly (63ms)
			ExecutionOrderSort (0ms)
			DisableScriptedObjects (0ms)
			BackupInstance (0ms)
			ReleaseScriptingObjects (0ms)
			CreateAndSetChildDomain (1ms)
		EndReloadAssembly (367ms)
			LoadAssemblies (61ms)
			RebuildTransferFunctionScriptingTraits (0ms)
			SetupTypeCache (81ms)
			ReleaseScriptCaches (0ms)
			RebuildScriptCaches (21ms)
			SetupLoadedEditorAssemblies (224ms)
				LogAssemblyErrors (0ms)
				InitializePlatformSupportModulesInManaged (7ms)
				SetLoadedEditorAssemblies (0ms)
				RefreshPlugins (84ms)
				BeforeProcessingInitializeOnLoad (1ms)
				ProcessInitializeOnLoadAttributes (93ms)
				ProcessInitializeOnLoadMethodAttributes (40ms)
				AfterProcessingInitializeOnLoad (0ms)
				EditorAssembliesLoaded (0ms)
			ExecutionOrderSort2 (0ms)
			AwakeInstancesAfterBackupRestoration (0ms)
Platform modules already initialized, skipping
Registering precompiled user dll's ...
Registered in 0.005275 seconds.
Begin MonoManager ReloadAssembly
Symbol file LoadedFromMemory doesn't match image D:\Game Interface\VR Game\VRG\Library\PackageCache\com.unity.visualscripting@1.7.6\Editor\VisualScripting.Core\Dependencies\DotNetZip\Unity.VisualScripting.IonicZip.dll
Symbol file LoadedFromMemory doesn't match image D:\Game Interface\VR Game\VRG\Library\PackageCache\com.unity.visualscripting@1.7.6\Editor\VisualScripting.Core\Dependencies\YamlDotNet\Unity.VisualScripting.YamlDotNet.dll
Native extension for WindowsStandalone target not found
Refreshing native plugins compatible for Editor in 83.57 ms, found 11 plugins.
Preloading 1 native plugins for Editor in 0.04 ms.
Package Manager log level set to [2]
System.Reflection.TargetInvocationException: Exception has been thrown by the target of an invocation. ---> System.NullReferenceException: Object reference not set to an instance of an object
  at Unity.XR.Oculus.OculusLoader.AssetPathToAbsolutePath (System.String assetPath) [0x0003d] in D:\Game Interface\VR Game\VRG\Library\PackageCache\com.unity.xr.oculus@1.11.2\Runtime\OculusLoader.cs:250 
  at Unity.XR.Oculus.OculusLoader.EditorLoadOVRPlugin () [0x0007b] in D:\Game Interface\VR Game\VRG\Library\PackageCache\com.unity.xr.oculus@1.11.2\Runtime\OculusLoader.cs:235 
  at (wrapper managed-to-native) System.Reflection.RuntimeMethodInfo.InternalInvoke(System.Reflection.RuntimeMethodInfo,object,object[],System.Exception&)
  at System.Reflection.RuntimeMethodInfo.Invoke (System.Object obj, System.Reflection.BindingFlags invokeAttr, System.Reflection.Binder binder, System.Object[] parameters, System.Globalization.CultureInfo culture) [0x0006a] in <feaaa6313e32495d9f259b175aa6b597>:0 
   --- End of inner exception stack trace ---
  at System.Reflection.RuntimeMethodInfo.Invoke (System.Object obj, System.Reflection.BindingFlags invokeAttr, System.Reflection.Binder binder, System.Object[] parameters, System.Globalization.CultureInfo culture) [0x00083] in <feaaa6313e32495d9f259b175aa6b597>:0 
  at System.Reflection.MethodBase.Invoke (System.Object obj, System.Object[] parameters) [0x00000] in <feaaa6313e32495d9f259b175aa6b597>:0 
  at UnityEditor.EditorAssemblies.ProcessInitializeOnLoadMethodAttributes () [0x000a5] in <5c8f1172115149e593ecad20a23a7816>:0 
UnityEngine.StackTraceUtility:ExtractStackTrace ()
UnityEngine.DebugLogHandler:LogFormat (UnityEngine.LogType,UnityEngine.Object,string,object[])
UnityEngine.Logger:Log (UnityEngine.LogType,object)
UnityEngine.Debug:LogError (object)
UnityEditor.EditorAssemblies:ProcessInitializeOnLoadMethodAttributes ()

Mono: successfully reloaded assembly
- Completed reload, in  0.965 seconds
Domain Reload Profiling:
	ReloadAssembly (965ms)
		BeginReloadAssembly (99ms)
			ExecutionOrderSort (0ms)
			DisableScriptedObjects (4ms)
			BackupInstance (0ms)
			ReleaseScriptingObjects (0ms)
			CreateAndSetChildDomain (17ms)
		EndReloadAssembly (770ms)
			LoadAssemblies (73ms)
			RebuildTransferFunctionScriptingTraits (0ms)
			SetupTypeCache (212ms)
			ReleaseScriptCaches (1ms)
			RebuildScriptCaches (43ms)
			SetupLoadedEditorAssemblies (415ms)
				LogAssemblyErrors (0ms)
				InitializePlatformSupportModulesInManaged (4ms)
				SetLoadedEditorAssemblies (0ms)
				RefreshPlugins (84ms)
				BeforeProcessingInitializeOnLoad (75ms)
				ProcessInitializeOnLoadAttributes (220ms)
				ProcessInitializeOnLoadMethodAttributes (25ms)
				AfterProcessingInitializeOnLoad (8ms)
				EditorAssembliesLoaded (0ms)
			ExecutionOrderSort2 (0ms)
			AwakeInstancesAfterBackupRestoration (8ms)
Platform modules already initialized, skipping
========================================================================
Worker process is ready to serve import requests
Launched and connected shader compiler UnityShaderCompiler.exe after 0.05 seconds
Refreshing native plugins compatible for Editor in 0.97 ms, found 11 plugins.
Preloading 1 native plugins for Editor in 0.04 ms.
Unloading 3931 Unused Serialized files (Serialized files now loaded: 0)
Unloading 45 unused Assets / (114.8 KB). Loaded Objects now: 4378.
Memory consumption went from 141.9 MB to 141.8 MB.
Total: 3.150200 ms (FindLiveObjects: 0.333400 ms CreateObjectMapping: 0.097100 ms MarkObjects: 2.596100 ms  DeleteObjects: 0.122100 ms)

AssetImportParameters requested are different than current active one (requested -> active):
  custom:video-decoder-ogg-theora: a1e56fd34408186e4bbccfd4996cb3dc -> 
  custom:container-muxer-webm: aa71ff27fc2769a1b78a27578f13a17b -> 
  custom:container-demuxer-webm: 4f35f7cbe854078d1ac9338744f61a02 -> 
  custom:video-encoder-webm-vp8: eb34c28f22e8b96e1ab97ce403110664 -> 
  custom:audio-encoder-webm-vorbis: bf7c407c2cedff20999df2af8eb42d56 -> 
  custom:framework-win-MediaFoundation: 216162199b28c13a410421893ffa2e32 -> 
  custom:container-demuxer-ogg: 62fdf1f143b41e24485cea50d1cbac27 -> 
  custom:video-decoder-webm-vp8: 9c59270c3fd7afecdb556c50c9e8de78 -> 
  custom:audio-decoder-ogg-vorbis: bf7c407c2cedff20999df2af8eb42d56 -> 
========================================================================
Received Import Request.
  Time since last request: 925468.998857 seconds.
  path: Assets/ExampleAssets/Models/XRControllerRight.fbx
  artifactKey: Guid(2d10b9b89f2474de9800b152c3d00004) Importer(815301076,1909f56bfc062723c751e8b465ee728b)
Start importing Assets/ExampleAssets/Models/XRControllerRight.fbx using Guid(2d10b9b89f2474de9800b152c3d00004) Importer(815301076,1909f56bfc062723c751e8b465ee728b)  -> (artifact id: '9bd32cd6ea076ccf5ea76c881515fbf6') in 0.238047 seconds 
========================================================================
Received Import Request.
  Time since last request: 459.623508 seconds.
  path: Assets/Building FastFood Drinks/SkyBox.mat
  artifactKey: Guid(ad008292c89b04d4b8f9b706ad990349) Importer(815301076,1909f56bfc062723c751e8b465ee728b)
Start importing Assets/Building FastFood Drinks/SkyBox.mat using Guid(ad008292c89b04d4b8f9b706ad990349) Importer(815301076,1909f56bfc062723c751e8b465ee728b)  -> (artifact id: '81c0b1b1c16b3a3cd217d93ff44f659a') in 0.034306 seconds 
========================================================================
Received Import Request.
  Time since last request: 4.899597 seconds.
  path: Assets/Building FastFood Drinks/Demo Scene/Demo_Scene/ReflectionProbe-0.exr
  artifactKey: Guid(22a26be0c726f454e94a95b90e555e02) Importer(815301076,1909f56bfc062723c751e8b465ee728b)
Start importing Assets/Building FastFood Drinks/Demo Scene/Demo_Scene/ReflectionProbe-0.exr using Guid(22a26be0c726f454e94a95b90e555e02) Importer(815301076,1909f56bfc062723c751e8b465ee728b)  -> (artifact id: '6d4aa989b5f4d44d81944414b8222ea2') in 0.072843 seconds 
========================================================================
Received Import Request.
  Time since last request: 7.096581 seconds.
  path: Assets/Building FastFood Drinks/Prefabs/Cube (4).asset
  artifactKey: Guid(52aafac638ffb97429b893c5485d5e93) Importer(815301076,1909f56bfc062723c751e8b465ee728b)
Start importing Assets/Building FastFood Drinks/Prefabs/Cube (4).asset using Guid(52aafac638ffb97429b893c5485d5e93) Importer(815301076,1909f56bfc062723c751e8b465ee728b)  -> (artifact id: 'cf9d7004f50fd535465780e7551d2dea') in 0.019066 seconds 
========================================================================
Received Import Request.
  Time since last request: 0.000024 seconds.
  path: Assets/Building FastFood Drinks/Prefabs/Monitor 1.asset
  artifactKey: Guid(f152039b4080e30458f807cf8410bf6f) Importer(815301076,1909f56bfc062723c751e8b465ee728b)
Start importing Assets/Building FastFood Drinks/Prefabs/Monitor 1.asset using Guid(f152039b4080e30458f807cf8410bf6f) Importer(815301076,1909f56bfc062723c751e8b465ee728b)  -> (artifact id: '6d10353a70b230e9356f6f54b88ac2d6') in 0.022943 seconds 
========================================================================
Received Import Request.
  Time since last request: 0.000037 seconds.
  path: Assets/Building FastFood Drinks/Prefabs/Window Sign.prefab
  artifactKey: Guid(9fb6d077367f9c244b28c14111fe0bfd) Importer(815301076,1909f56bfc062723c751e8b465ee728b)
Start importing Assets/Building FastFood Drinks/Prefabs/Window Sign.prefab using Guid(9fb6d077367f9c244b28c14111fe0bfd) Importer(815301076,1909f56bfc062723c751e8b465ee728b)  -> (artifact id: '8ae3925f9b32eb2877786de9854e1cf8') in 0.037062 seconds 
========================================================================
Received Import Request.
  Time since last request: 0.000026 seconds.
  path: Assets/Building FastFood Drinks/Prefabs/Trash.asset
  artifactKey: Guid(e731fcbd34ae77d48903d52765c5dfce) Importer(815301076,1909f56bfc062723c751e8b465ee728b)
Start importing Assets/Building FastFood Drinks/Prefabs/Trash.asset using Guid(e731fcbd34ae77d48903d52765c5dfce) Importer(815301076,1909f56bfc062723c751e8b465ee728b)  -> (artifact id: '1be172a5d400ec6818c45aacc1d2720d') in 0.012334 seconds 
========================================================================
Received Import Request.
  Time since last request: 0.000024 seconds.
  path: Assets/Building FastFood Drinks/Prefabs/Recycle.prefab
  artifactKey: Guid(d63b220afbb42e849ba9bcea6fbc7b61) Importer(815301076,1909f56bfc062723c751e8b465ee728b)
Start importing Assets/Building FastFood Drinks/Prefabs/Recycle.prefab using Guid(d63b220afbb42e849ba9bcea6fbc7b61) Importer(815301076,1909f56bfc062723c751e8b465ee728b)  -> (artifact id: '3b56e2c36f9783039ce0d8c20689bd64') in 0.136218 seconds 
========================================================================
Received Import Request.
  Time since last request: 0.000027 seconds.
  path: Assets/Building FastFood Drinks/Prefabs/Monitor 2.asset
  artifactKey: Guid(4945d5f788dd27644b73fdab94476ef2) Importer(815301076,1909f56bfc062723c751e8b465ee728b)
Start importing Assets/Building FastFood Drinks/Prefabs/Monitor 2.asset using Guid(4945d5f788dd27644b73fdab94476ef2) Importer(815301076,1909f56bfc062723c751e8b465ee728b)  -> (artifact id: '57c979ad8d6ffdb672f621e5356a8041') in 0.012367 seconds 
========================================================================
Received Import Request.
  Time since last request: 0.000024 seconds.
  path: Assets/Building FastFood Drinks/Prefabs/Trash.prefab
  artifactKey: Guid(5453ebb91441a724f80f7758feae5e98) Importer(815301076,1909f56bfc062723c751e8b465ee728b)
Start importing Assets/Building FastFood Drinks/Prefabs/Trash.prefab using Guid(5453ebb91441a724f80f7758feae5e98) Importer(815301076,1909f56bfc062723c751e8b465ee728b)  -> (artifact id: '5c53a294a73ed458edb35abaebb8d02a') in 0.012575 seconds 
========================================================================
Received Import Request.
  Time since last request: 0.000028 seconds.
  path: Assets/Building FastFood Drinks/Prefabs/FastFood_Drinks.asset
  artifactKey: Guid(6b03200ca0054bc4cb3f8bed682c3384) Importer(815301076,1909f56bfc062723c751e8b465ee728b)
Start importing Assets/Building FastFood Drinks/Prefabs/FastFood_Drinks.asset using Guid(6b03200ca0054bc4cb3f8bed682c3384) Importer(815301076,1909f56bfc062723c751e8b465ee728b)  -> (artifact id: '0e24efffefa4a0c324fff8a359d20d98') in 0.012534 seconds 
========================================================================
Received Import Request.
  Time since last request: 0.000017 seconds.
  path: Assets/Building FastFood Drinks/Prefabs/Monitor.prefab
  artifactKey: Guid(9f66f3a5776112d499c30bee40f0956e) Importer(815301076,1909f56bfc062723c751e8b465ee728b)
Start importing Assets/Building FastFood Drinks/Prefabs/Monitor.prefab using Guid(9f66f3a5776112d499c30bee40f0956e) Importer(815301076,1909f56bfc062723c751e8b465ee728b)  -> (artifact id: 'eb5dcc0a19711e989d94952f91b4f5f4') in 0.012767 seconds 
========================================================================
Received Import Request.
  Time since last request: 0.000020 seconds.
  path: Assets/Building FastFood Drinks/Prefabs/Recycle.asset
  artifactKey: Guid(983b16b658a6d3046833968135511d6b) Importer(815301076,1909f56bfc062723c751e8b465ee728b)
Start importing Assets/Building FastFood Drinks/Prefabs/Recycle.asset using Guid(983b16b658a6d3046833968135511d6b) Importer(815301076,1909f56bfc062723c751e8b465ee728b)  -> (artifact id: '56ed493f55c70a188ffbc3e0a619b22b') in 0.008093 seconds 
========================================================================
Received Import Request.
  Time since last request: 0.000028 seconds.
  path: Assets/Building FastFood Drinks/Prefabs/sign.prefab
  artifactKey: Guid(d9b6c63dea8730f43a1891fabe4fa192) Importer(815301076,1909f56bfc062723c751e8b465ee728b)
Start importing Assets/Building FastFood Drinks/Prefabs/sign.prefab using Guid(d9b6c63dea8730f43a1891fabe4fa192) Importer(815301076,1909f56bfc062723c751e8b465ee728b)  -> (artifact id: 'efd8a1ab91da7eb60ae8243192deb3d4') in 0.014676 seconds 
========================================================================
Received Import Request.
  Time since last request: 0.000029 seconds.
  path: Assets/Building FastFood Drinks/Prefabs/sign.asset
  artifactKey: Guid(893aedff1b3db9a48ae9c786ebe1c780) Importer(815301076,1909f56bfc062723c751e8b465ee728b)
Start importing Assets/Building FastFood Drinks/Prefabs/sign.asset using Guid(893aedff1b3db9a48ae9c786ebe1c780) Importer(815301076,1909f56bfc062723c751e8b465ee728b)  -> (artifact id: '91f415551f6f872d0100355d9becdef1') in 0.009432 seconds 
========================================================================
Received Import Request.
  Time since last request: 0.000022 seconds.
  path: Assets/Building FastFood Drinks/Prefabs/Monitor 1.prefab
  artifactKey: Guid(4026742f9b36c174bba05363aec0bb21) Importer(815301076,1909f56bfc062723c751e8b465ee728b)
Start importing Assets/Building FastFood Drinks/Prefabs/Monitor 1.prefab using Guid(4026742f9b36c174bba05363aec0bb21) Importer(815301076,1909f56bfc062723c751e8b465ee728b)  -> (artifact id: '11ebe911826fb504ff0af792035e0126') in 0.013003 seconds 
========================================================================
Received Import Request.
  Time since last request: 5.785472 seconds.
  path: Assets/Building FastFood Drinks/Materials/Brick 3.mat
  artifactKey: Guid(51cb0ba8181d5cc41b0fb4cd407135b7) Importer(815301076,1909f56bfc062723c751e8b465ee728b)
Start importing Assets/Building FastFood Drinks/Materials/Brick 3.mat using Guid(51cb0ba8181d5cc41b0fb4cd407135b7) Importer(815301076,1909f56bfc062723c751e8b465ee728b)  -> (artifact id: '6556f3b65ea14687b87511b0d4e520dc') in 0.017691 seconds 
========================================================================
Received Import Request.
  Time since last request: 0.000018 seconds.
  path: Assets/Building FastFood Drinks/Materials/Window Transparent.mat
  artifactKey: Guid(f7e7ab93232671e4fabed600fab37309) Importer(815301076,1909f56bfc062723c751e8b465ee728b)
Start importing Assets/Building FastFood Drinks/Materials/Window Transparent.mat using Guid(f7e7ab93232671e4fabed600fab37309) Importer(815301076,1909f56bfc062723c751e8b465ee728b)  -> (artifact id: '91cea4b0f94731f406323034aee9bf2c') in 0.022351 seconds 
========================================================================
Received Import Request.
  Time since last request: 0.000028 seconds.
  path: Assets/Building FastFood Drinks/Materials/Wood Floor 10.mat
  artifactKey: Guid(b0c5b9169c97fcf428c39110b307a2b5) Importer(815301076,1909f56bfc062723c751e8b465ee728b)
Start importing Assets/Building FastFood Drinks/Materials/Wood Floor 10.mat using Guid(b0c5b9169c97fcf428c39110b307a2b5) Importer(815301076,1909f56bfc062723c751e8b465ee728b)  -> (artifact id: '50c721dcf057157a5c16ffc19f7879fc') in 0.014512 seconds 
========================================================================
Received Import Request.
  Time since last request: 0.000032 seconds.
  path: Assets/Building FastFood Drinks/Materials/sign 1.mat
  artifactKey: Guid(e5ca9cac7cd1b8b4eb5c40ad180f5fba) Importer(815301076,1909f56bfc062723c751e8b465ee728b)
Start importing Assets/Building FastFood Drinks/Materials/sign 1.mat using Guid(e5ca9cac7cd1b8b4eb5c40ad180f5fba) Importer(815301076,1909f56bfc062723c751e8b465ee728b)  -> (artifact id: 'b3c3f3d46ff7d2de5cd00cd5455006f9') in 0.011841 seconds 
========================================================================
Received Import Request.
  Time since last request: 0.000024 seconds.
  path: Assets/Building FastFood Drinks/Materials/sign.mat
  artifactKey: Guid(d8c47ee3d9d95ff4f81d0e209c171b1d) Importer(815301076,1909f56bfc062723c751e8b465ee728b)
Start importing Assets/Building FastFood Drinks/Materials/sign.mat using Guid(d8c47ee3d9d95ff4f81d0e209c171b1d) Importer(815301076,1909f56bfc062723c751e8b465ee728b)  -> (artifact id: '59103a700a3cf2bfa581bb0b1b29bb1b') in 0.015841 seconds 
========================================================================
Received Import Request.
  Time since last request: 0.000028 seconds.
  path: Assets/Building FastFood Drinks/Materials/Stone 1.mat
  artifactKey: Guid(d8ea1feda4d7e054f9b185281a1e15d0) Importer(815301076,1909f56bfc062723c751e8b465ee728b)
Start importing Assets/Building FastFood Drinks/Materials/Stone 1.mat using Guid(d8ea1feda4d7e054f9b185281a1e15d0) Importer(815301076,1909f56bfc062723c751e8b465ee728b)  -> (artifact id: '0a74eb8c1489338e971bb6584bc9d42e') in 0.023783 seconds 
========================================================================
Received Import Request.
  Time since last request: 32.886231 seconds.
  path: Assets/Building FastFood Drinks/Textures/Sidewalk_square_diffuseOriginal.png
  artifactKey: Guid(e9e769a671611cf46b417f1824276b4f) Importer(815301076,1909f56bfc062723c751e8b465ee728b)
Start importing Assets/Building FastFood Drinks/Textures/Sidewalk_square_diffuseOriginal.png using Guid(e9e769a671611cf46b417f1824276b4f) Importer(815301076,1909f56bfc062723c751e8b465ee728b)  -> (artifact id: '1ec2ae51205dcbd8f0fcdc2e890c899c') in 0.035405 seconds 
Editor requested this worker to shutdown with reason: Scaling down because of idle timeout
AssetImportWorker is now disconnected from the server
Process exiting
Exiting without the bug reporter. Application will terminate with return code 0